[2021-10-30 06:49:08,848] {taskinstance.py:1035} INFO - Dependencies all met for <TaskInstance: first_python_dag.print_the_context manual__2021-10-30T06:49:07.376622+00:00 [queued]>
[2021-10-30 06:49:08,854] {taskinstance.py:1035} INFO - Dependencies all met for <TaskInstance: first_python_dag.print_the_context manual__2021-10-30T06:49:07.376622+00:00 [queued]>
[2021-10-30 06:49:08,855] {taskinstance.py:1241} INFO - 
--------------------------------------------------------------------------------
[2021-10-30 06:49:08,856] {taskinstance.py:1242} INFO - Starting attempt 1 of 1
[2021-10-30 06:49:08,859] {taskinstance.py:1243} INFO - 
--------------------------------------------------------------------------------
[2021-10-30 06:49:08,866] {taskinstance.py:1262} INFO - Executing <Task(PythonOperator): print_the_context> on 2021-10-30 06:49:07.376622+00:00
[2021-10-30 06:49:08,873] {standard_task_runner.py:52} INFO - Started process 154 to run task
[2021-10-30 06:49:08,876] {standard_task_runner.py:76} INFO - Running: ['airflow', 'tasks', 'run', 'first_python_dag', 'print_the_context', 'manual__2021-10-30T06:49:07.376622+00:00', '--job-id', '3', '--raw', '--subdir', 'DAGS_FOLDER/first_python_dag.py', '--cfg-path', '/tmp/tmptb906b7b', '--error-file', '/tmp/tmps0i0xtbz']
[2021-10-30 06:49:08,877] {standard_task_runner.py:77} INFO - Job 3: Subtask print_the_context
[2021-10-30 06:49:08,902] {logging_mixin.py:109} INFO - Running <TaskInstance: first_python_dag.print_the_context manual__2021-10-30T06:49:07.376622+00:00 [running]> on host a7208e2bdec4
[2021-10-30 06:49:08,940] {taskinstance.py:1412} INFO - Exporting the following env vars:
AIRFLOW_CTX_DAG_OWNER=airflow
AIRFLOW_CTX_DAG_ID=first_python_dag
AIRFLOW_CTX_TASK_ID=print_the_context
AIRFLOW_CTX_EXECUTION_DATE=2021-10-30T06:49:07.376622+00:00
AIRFLOW_CTX_DAG_RUN_ID=manual__2021-10-30T06:49:07.376622+00:00
[2021-10-30 06:49:09,266] {logging_mixin.py:109} INFO - 1.3.4
[2021-10-30 06:49:09,268] {python.py:152} INFO - Done. Returned value was: {'version': '1.3.4'}
[2021-10-30 06:49:09,285] {taskinstance.py:1270} INFO - Marking task as SUCCESS. dag_id=first_python_dag, task_id=print_the_context, execution_date=20211030T064907, start_date=20211030T064908, end_date=20211030T064909
[2021-10-30 06:49:09,342] {local_task_job.py:154} INFO - Task exited with return code 0
[2021-10-30 06:49:09,356] {local_task_job.py:264} INFO - 1 downstream tasks scheduled from follow-on schedule check
