[2021-10-30 06:41:33,095] {taskinstance.py:1035} INFO - Dependencies all met for <TaskInstance: first_python_dag.print_the_context manual__2021-10-30T06:41:31.651248+00:00 [queued]>
[2021-10-30 06:41:33,099] {taskinstance.py:1035} INFO - Dependencies all met for <TaskInstance: first_python_dag.print_the_context manual__2021-10-30T06:41:31.651248+00:00 [queued]>
[2021-10-30 06:41:33,100] {taskinstance.py:1241} INFO - 
--------------------------------------------------------------------------------
[2021-10-30 06:41:33,102] {taskinstance.py:1242} INFO - Starting attempt 1 of 1
[2021-10-30 06:41:33,102] {taskinstance.py:1243} INFO - 
--------------------------------------------------------------------------------
[2021-10-30 06:41:33,109] {taskinstance.py:1262} INFO - Executing <Task(PythonOperator): print_the_context> on 2021-10-30 06:41:31.651248+00:00
[2021-10-30 06:41:33,111] {standard_task_runner.py:52} INFO - Started process 91 to run task
[2021-10-30 06:41:33,113] {standard_task_runner.py:76} INFO - Running: ['airflow', 'tasks', 'run', 'first_python_dag', 'print_the_context', 'manual__2021-10-30T06:41:31.651248+00:00', '--job-id', '2', '--raw', '--subdir', 'DAGS_FOLDER/first_python_dag.py', '--cfg-path', '/tmp/tmphyb_fn57', '--error-file', '/tmp/tmpk6ag_5_w']
[2021-10-30 06:41:33,114] {standard_task_runner.py:77} INFO - Job 2: Subtask print_the_context
[2021-10-30 06:41:33,138] {logging_mixin.py:109} INFO - Running <TaskInstance: first_python_dag.print_the_context manual__2021-10-30T06:41:31.651248+00:00 [running]> on host a7208e2bdec4
[2021-10-30 06:41:33,154] {taskinstance.py:1412} INFO - Exporting the following env vars:
AIRFLOW_CTX_DAG_OWNER=airflow
AIRFLOW_CTX_DAG_ID=first_python_dag
AIRFLOW_CTX_TASK_ID=print_the_context
AIRFLOW_CTX_EXECUTION_DATE=2021-10-30T06:41:31.651248+00:00
AIRFLOW_CTX_DAG_RUN_ID=manual__2021-10-30T06:41:31.651248+00:00
[2021-10-30 06:41:33,450] {logging_mixin.py:109} INFO - 1.3.4
[2021-10-30 06:41:33,452] {python.py:152} INFO - Done. Returned value was: 1.3.4
[2021-10-30 06:41:33,464] {taskinstance.py:1270} INFO - Marking task as SUCCESS. dag_id=first_python_dag, task_id=print_the_context, execution_date=20211030T064131, start_date=20211030T064133, end_date=20211030T064133
[2021-10-30 06:41:33,530] {local_task_job.py:154} INFO - Task exited with return code 0
[2021-10-30 06:41:33,546] {local_task_job.py:264} INFO - 0 downstream tasks scheduled from follow-on schedule check
