[2021-10-30 06:50:07,071] {taskinstance.py:1035} INFO - Dependencies all met for <TaskInstance: first_python_dag.print_the_context manual__2021-10-30T06:50:05.995952+00:00 [queued]>
[2021-10-30 06:50:07,076] {taskinstance.py:1035} INFO - Dependencies all met for <TaskInstance: first_python_dag.print_the_context manual__2021-10-30T06:50:05.995952+00:00 [queued]>
[2021-10-30 06:50:07,077] {taskinstance.py:1241} INFO - 
--------------------------------------------------------------------------------
[2021-10-30 06:50:07,078] {taskinstance.py:1242} INFO - Starting attempt 1 of 1
[2021-10-30 06:50:07,079] {taskinstance.py:1243} INFO - 
--------------------------------------------------------------------------------
[2021-10-30 06:50:07,086] {taskinstance.py:1262} INFO - Executing <Task(PythonOperator): print_the_context> on 2021-10-30 06:50:05.995952+00:00
[2021-10-30 06:50:07,087] {standard_task_runner.py:52} INFO - Started process 172 to run task
[2021-10-30 06:50:07,089] {standard_task_runner.py:76} INFO - Running: ['airflow', 'tasks', 'run', 'first_python_dag', 'print_the_context', 'manual__2021-10-30T06:50:05.995952+00:00', '--job-id', '5', '--raw', '--subdir', 'DAGS_FOLDER/first_python_dag.py', '--cfg-path', '/tmp/tmpzaj9uj19', '--error-file', '/tmp/tmptu7ur_jo']
[2021-10-30 06:50:07,091] {standard_task_runner.py:77} INFO - Job 5: Subtask print_the_context
[2021-10-30 06:50:07,109] {logging_mixin.py:109} INFO - Running <TaskInstance: first_python_dag.print_the_context manual__2021-10-30T06:50:05.995952+00:00 [running]> on host a7208e2bdec4
[2021-10-30 06:50:07,124] {taskinstance.py:1412} INFO - Exporting the following env vars:
AIRFLOW_CTX_DAG_OWNER=airflow
AIRFLOW_CTX_DAG_ID=first_python_dag
AIRFLOW_CTX_TASK_ID=print_the_context
AIRFLOW_CTX_EXECUTION_DATE=2021-10-30T06:50:05.995952+00:00
AIRFLOW_CTX_DAG_RUN_ID=manual__2021-10-30T06:50:05.995952+00:00
[2021-10-30 06:50:07,354] {logging_mixin.py:109} INFO - 1.3.4
[2021-10-30 06:50:07,356] {python.py:152} INFO - Done. Returned value was: {'version': '1.3.4'}
[2021-10-30 06:50:07,366] {taskinstance.py:1270} INFO - Marking task as SUCCESS. dag_id=first_python_dag, task_id=print_the_context, execution_date=20211030T065005, start_date=20211030T065007, end_date=20211030T065007
[2021-10-30 06:50:07,388] {local_task_job.py:154} INFO - Task exited with return code 0
[2021-10-30 06:50:07,405] {local_task_job.py:264} INFO - 1 downstream tasks scheduled from follow-on schedule check
