[2021-10-30 07:06:18,841] {processor.py:163} INFO - Started process (PID=284) to work on /opt/airflow/dags/python_dag.py
[2021-10-30 07:06:18,842] {processor.py:620} INFO - Processing file /opt/airflow/dags/python_dag.py for tasks to queue
[2021-10-30 07:06:18,843] {logging_mixin.py:109} INFO - [2021-10-30 07:06:18,843] {dagbag.py:500} INFO - Filling up the DagBag from /opt/airflow/dags/python_dag.py
[2021-10-30 07:06:18,866] {processor.py:632} INFO - DAG(s) dict_keys(['python_dag']) retrieved from /opt/airflow/dags/python_dag.py
[2021-10-30 07:06:19,140] {logging_mixin.py:109} INFO - [2021-10-30 07:06:19,140] {manager.py:496} INFO - Created Permission View: can edit on DAG:python_dag
[2021-10-30 07:06:19,147] {logging_mixin.py:109} INFO - [2021-10-30 07:06:19,147] {manager.py:496} INFO - Created Permission View: can read on DAG:python_dag
[2021-10-30 07:06:19,149] {logging_mixin.py:109} INFO - [2021-10-30 07:06:19,148] {dag.py:2389} INFO - Sync 1 DAGs
[2021-10-30 07:06:19,152] {logging_mixin.py:109} INFO - [2021-10-30 07:06:19,152] {dag.py:2408} INFO - Creating ORM DAG for python_dag
[2021-10-30 07:06:19,155] {logging_mixin.py:109} INFO - [2021-10-30 07:06:19,155] {dag.py:2914} INFO - Setting next_dagrun for python_dag to 2021-10-29 00:00:00+00:00
[2021-10-30 07:06:19,166] {processor.py:171} INFO - Processing /opt/airflow/dags/python_dag.py took 0.327 seconds
[2021-10-30 07:06:49,478] {processor.py:163} INFO - Started process (PID=303) to work on /opt/airflow/dags/python_dag.py
[2021-10-30 07:06:49,481] {processor.py:620} INFO - Processing file /opt/airflow/dags/python_dag.py for tasks to queue
[2021-10-30 07:06:49,482] {logging_mixin.py:109} INFO - [2021-10-30 07:06:49,482] {dagbag.py:500} INFO - Filling up the DagBag from /opt/airflow/dags/python_dag.py
[2021-10-30 07:06:49,503] {processor.py:632} INFO - DAG(s) dict_keys(['python_dag']) retrieved from /opt/airflow/dags/python_dag.py
[2021-10-30 07:06:49,593] {logging_mixin.py:109} INFO - [2021-10-30 07:06:49,592] {dag.py:2389} INFO - Sync 1 DAGs
[2021-10-30 07:06:49,599] {logging_mixin.py:109} INFO - [2021-10-30 07:06:49,599] {dag.py:2914} INFO - Setting next_dagrun for python_dag to 2021-10-30T00:00:00+00:00
[2021-10-30 07:06:49,607] {processor.py:171} INFO - Processing /opt/airflow/dags/python_dag.py took 0.131 seconds
[2021-10-30 07:07:19,887] {processor.py:163} INFO - Started process (PID=307) to work on /opt/airflow/dags/python_dag.py
[2021-10-30 07:07:19,890] {processor.py:620} INFO - Processing file /opt/airflow/dags/python_dag.py for tasks to queue
[2021-10-30 07:07:19,891] {logging_mixin.py:109} INFO - [2021-10-30 07:07:19,891] {dagbag.py:500} INFO - Filling up the DagBag from /opt/airflow/dags/python_dag.py
[2021-10-30 07:07:19,908] {processor.py:632} INFO - DAG(s) dict_keys(['python_dag']) retrieved from /opt/airflow/dags/python_dag.py
[2021-10-30 07:07:19,992] {logging_mixin.py:109} INFO - [2021-10-30 07:07:19,992] {dag.py:2389} INFO - Sync 1 DAGs
[2021-10-30 07:07:19,999] {logging_mixin.py:109} INFO - [2021-10-30 07:07:19,999] {dag.py:2914} INFO - Setting next_dagrun for python_dag to 2021-10-30T00:00:00+00:00
[2021-10-30 07:07:20,006] {processor.py:171} INFO - Processing /opt/airflow/dags/python_dag.py took 0.122 seconds
[2021-10-30 07:07:33,038] {processor.py:163} INFO - Started process (PID=310) to work on /opt/airflow/dags/python_dag.py
[2021-10-30 07:07:33,041] {processor.py:620} INFO - Processing file /opt/airflow/dags/python_dag.py for tasks to queue
[2021-10-30 07:07:33,042] {logging_mixin.py:109} INFO - [2021-10-30 07:07:33,042] {dagbag.py:500} INFO - Filling up the DagBag from /opt/airflow/dags/python_dag.py
[2021-10-30 07:07:33,075] {processor.py:632} INFO - DAG(s) dict_keys(['python_dag']) retrieved from /opt/airflow/dags/python_dag.py
[2021-10-30 07:07:33,079] {logging_mixin.py:109} INFO - [2021-10-30 07:07:33,079] {dag.py:2389} INFO - Sync 1 DAGs
[2021-10-30 07:07:33,086] {logging_mixin.py:109} INFO - [2021-10-30 07:07:33,086] {dag.py:2914} INFO - Setting next_dagrun for python_dag to 2021-10-30T00:00:00+00:00
[2021-10-30 07:07:33,096] {processor.py:171} INFO - Processing /opt/airflow/dags/python_dag.py took 0.059 seconds
[2021-10-30 07:08:03,429] {processor.py:163} INFO - Started process (PID=314) to work on /opt/airflow/dags/python_dag.py
[2021-10-30 07:08:03,432] {processor.py:620} INFO - Processing file /opt/airflow/dags/python_dag.py for tasks to queue
[2021-10-30 07:08:03,433] {logging_mixin.py:109} INFO - [2021-10-30 07:08:03,433] {dagbag.py:500} INFO - Filling up the DagBag from /opt/airflow/dags/python_dag.py
[2021-10-30 07:08:03,451] {processor.py:632} INFO - DAG(s) dict_keys(['python_dag']) retrieved from /opt/airflow/dags/python_dag.py
[2021-10-30 07:08:03,528] {logging_mixin.py:109} INFO - [2021-10-30 07:08:03,528] {dag.py:2389} INFO - Sync 1 DAGs
[2021-10-30 07:08:03,535] {logging_mixin.py:109} INFO - [2021-10-30 07:08:03,535] {dag.py:2914} INFO - Setting next_dagrun for python_dag to 2021-10-30T00:00:00+00:00
[2021-10-30 07:08:03,542] {processor.py:171} INFO - Processing /opt/airflow/dags/python_dag.py took 0.117 seconds
[2021-10-30 07:08:33,900] {processor.py:163} INFO - Started process (PID=318) to work on /opt/airflow/dags/python_dag.py
[2021-10-30 07:08:33,904] {processor.py:620} INFO - Processing file /opt/airflow/dags/python_dag.py for tasks to queue
[2021-10-30 07:08:33,907] {logging_mixin.py:109} INFO - [2021-10-30 07:08:33,907] {dagbag.py:500} INFO - Filling up the DagBag from /opt/airflow/dags/python_dag.py
[2021-10-30 07:08:33,939] {processor.py:632} INFO - DAG(s) dict_keys(['python_dag']) retrieved from /opt/airflow/dags/python_dag.py
[2021-10-30 07:08:34,013] {logging_mixin.py:109} INFO - [2021-10-30 07:08:34,013] {dag.py:2389} INFO - Sync 1 DAGs
[2021-10-30 07:08:34,018] {logging_mixin.py:109} INFO - [2021-10-30 07:08:34,018] {dag.py:2914} INFO - Setting next_dagrun for python_dag to 2021-10-30T00:00:00+00:00
[2021-10-30 07:08:34,024] {processor.py:171} INFO - Processing /opt/airflow/dags/python_dag.py took 0.129 seconds
[2021-10-30 07:09:04,320] {processor.py:163} INFO - Started process (PID=322) to work on /opt/airflow/dags/python_dag.py
[2021-10-30 07:09:04,323] {processor.py:620} INFO - Processing file /opt/airflow/dags/python_dag.py for tasks to queue
[2021-10-30 07:09:04,325] {logging_mixin.py:109} INFO - [2021-10-30 07:09:04,325] {dagbag.py:500} INFO - Filling up the DagBag from /opt/airflow/dags/python_dag.py
[2021-10-30 07:09:04,351] {processor.py:632} INFO - DAG(s) dict_keys(['python_dag']) retrieved from /opt/airflow/dags/python_dag.py
[2021-10-30 07:09:04,421] {logging_mixin.py:109} INFO - [2021-10-30 07:09:04,421] {dag.py:2389} INFO - Sync 1 DAGs
[2021-10-30 07:09:04,426] {logging_mixin.py:109} INFO - [2021-10-30 07:09:04,426] {dag.py:2914} INFO - Setting next_dagrun for python_dag to 2021-10-30T00:00:00+00:00
[2021-10-30 07:09:04,432] {processor.py:171} INFO - Processing /opt/airflow/dags/python_dag.py took 0.116 seconds
[2021-10-30 07:09:34,755] {processor.py:163} INFO - Started process (PID=326) to work on /opt/airflow/dags/python_dag.py
[2021-10-30 07:09:34,757] {processor.py:620} INFO - Processing file /opt/airflow/dags/python_dag.py for tasks to queue
[2021-10-30 07:09:34,759] {logging_mixin.py:109} INFO - [2021-10-30 07:09:34,759] {dagbag.py:500} INFO - Filling up the DagBag from /opt/airflow/dags/python_dag.py
[2021-10-30 07:09:34,787] {processor.py:632} INFO - DAG(s) dict_keys(['python_dag']) retrieved from /opt/airflow/dags/python_dag.py
[2021-10-30 07:09:34,856] {logging_mixin.py:109} INFO - [2021-10-30 07:09:34,855] {dag.py:2389} INFO - Sync 1 DAGs
[2021-10-30 07:09:34,860] {logging_mixin.py:109} INFO - [2021-10-30 07:09:34,860] {dag.py:2914} INFO - Setting next_dagrun for python_dag to 2021-10-30T00:00:00+00:00
[2021-10-30 07:09:34,866] {processor.py:171} INFO - Processing /opt/airflow/dags/python_dag.py took 0.115 seconds
[2021-10-30 07:10:05,226] {processor.py:163} INFO - Started process (PID=330) to work on /opt/airflow/dags/python_dag.py
[2021-10-30 07:10:05,229] {processor.py:620} INFO - Processing file /opt/airflow/dags/python_dag.py for tasks to queue
[2021-10-30 07:10:05,231] {logging_mixin.py:109} INFO - [2021-10-30 07:10:05,231] {dagbag.py:500} INFO - Filling up the DagBag from /opt/airflow/dags/python_dag.py
[2021-10-30 07:10:05,257] {processor.py:632} INFO - DAG(s) dict_keys(['python_dag']) retrieved from /opt/airflow/dags/python_dag.py
[2021-10-30 07:10:05,327] {logging_mixin.py:109} INFO - [2021-10-30 07:10:05,327] {dag.py:2389} INFO - Sync 1 DAGs
[2021-10-30 07:10:05,332] {logging_mixin.py:109} INFO - [2021-10-30 07:10:05,332] {dag.py:2914} INFO - Setting next_dagrun for python_dag to 2021-10-30T00:00:00+00:00
[2021-10-30 07:10:05,338] {processor.py:171} INFO - Processing /opt/airflow/dags/python_dag.py took 0.117 seconds
[2021-10-30 07:10:35,661] {processor.py:163} INFO - Started process (PID=334) to work on /opt/airflow/dags/python_dag.py
[2021-10-30 07:10:35,663] {processor.py:620} INFO - Processing file /opt/airflow/dags/python_dag.py for tasks to queue
[2021-10-30 07:10:35,664] {logging_mixin.py:109} INFO - [2021-10-30 07:10:35,664] {dagbag.py:500} INFO - Filling up the DagBag from /opt/airflow/dags/python_dag.py
[2021-10-30 07:10:35,686] {processor.py:632} INFO - DAG(s) dict_keys(['python_dag']) retrieved from /opt/airflow/dags/python_dag.py
[2021-10-30 07:10:35,764] {logging_mixin.py:109} INFO - [2021-10-30 07:10:35,764] {dag.py:2389} INFO - Sync 1 DAGs
[2021-10-30 07:10:35,771] {logging_mixin.py:109} INFO - [2021-10-30 07:10:35,771] {dag.py:2914} INFO - Setting next_dagrun for python_dag to 2021-10-30T00:00:00+00:00
[2021-10-30 07:10:35,777] {processor.py:171} INFO - Processing /opt/airflow/dags/python_dag.py took 0.117 seconds
[2021-10-30 07:11:06,091] {processor.py:163} INFO - Started process (PID=338) to work on /opt/airflow/dags/python_dag.py
[2021-10-30 07:11:06,092] {processor.py:620} INFO - Processing file /opt/airflow/dags/python_dag.py for tasks to queue
[2021-10-30 07:11:06,093] {logging_mixin.py:109} INFO - [2021-10-30 07:11:06,093] {dagbag.py:500} INFO - Filling up the DagBag from /opt/airflow/dags/python_dag.py
[2021-10-30 07:11:06,118] {processor.py:632} INFO - DAG(s) dict_keys(['python_dag']) retrieved from /opt/airflow/dags/python_dag.py
[2021-10-30 07:11:06,194] {logging_mixin.py:109} INFO - [2021-10-30 07:11:06,194] {dag.py:2389} INFO - Sync 1 DAGs
[2021-10-30 07:11:06,199] {logging_mixin.py:109} INFO - [2021-10-30 07:11:06,199] {dag.py:2914} INFO - Setting next_dagrun for python_dag to 2021-10-30T00:00:00+00:00
[2021-10-30 07:11:06,205] {processor.py:171} INFO - Processing /opt/airflow/dags/python_dag.py took 0.116 seconds
[2021-10-30 07:11:36,526] {processor.py:163} INFO - Started process (PID=342) to work on /opt/airflow/dags/python_dag.py
[2021-10-30 07:11:36,528] {processor.py:620} INFO - Processing file /opt/airflow/dags/python_dag.py for tasks to queue
[2021-10-30 07:11:36,529] {logging_mixin.py:109} INFO - [2021-10-30 07:11:36,529] {dagbag.py:500} INFO - Filling up the DagBag from /opt/airflow/dags/python_dag.py
[2021-10-30 07:11:36,546] {processor.py:632} INFO - DAG(s) dict_keys(['python_dag']) retrieved from /opt/airflow/dags/python_dag.py
[2021-10-30 07:11:36,614] {logging_mixin.py:109} INFO - [2021-10-30 07:11:36,614] {dag.py:2389} INFO - Sync 1 DAGs
[2021-10-30 07:11:36,619] {logging_mixin.py:109} INFO - [2021-10-30 07:11:36,619] {dag.py:2914} INFO - Setting next_dagrun for python_dag to 2021-10-30T00:00:00+00:00
[2021-10-30 07:11:36,626] {processor.py:171} INFO - Processing /opt/airflow/dags/python_dag.py took 0.101 seconds
[2021-10-30 07:12:06,936] {processor.py:163} INFO - Started process (PID=346) to work on /opt/airflow/dags/python_dag.py
[2021-10-30 07:12:06,939] {processor.py:620} INFO - Processing file /opt/airflow/dags/python_dag.py for tasks to queue
[2021-10-30 07:12:06,941] {logging_mixin.py:109} INFO - [2021-10-30 07:12:06,941] {dagbag.py:500} INFO - Filling up the DagBag from /opt/airflow/dags/python_dag.py
[2021-10-30 07:12:06,973] {processor.py:632} INFO - DAG(s) dict_keys(['python_dag']) retrieved from /opt/airflow/dags/python_dag.py
[2021-10-30 07:12:07,050] {logging_mixin.py:109} INFO - [2021-10-30 07:12:07,050] {dag.py:2389} INFO - Sync 1 DAGs
[2021-10-30 07:12:07,056] {logging_mixin.py:109} INFO - [2021-10-30 07:12:07,056] {dag.py:2914} INFO - Setting next_dagrun for python_dag to 2021-10-30T00:00:00+00:00
[2021-10-30 07:12:07,064] {processor.py:171} INFO - Processing /opt/airflow/dags/python_dag.py took 0.132 seconds
[2021-10-30 07:12:37,532] {processor.py:163} INFO - Started process (PID=350) to work on /opt/airflow/dags/python_dag.py
[2021-10-30 07:12:37,536] {processor.py:620} INFO - Processing file /opt/airflow/dags/python_dag.py for tasks to queue
[2021-10-30 07:12:37,539] {logging_mixin.py:109} INFO - [2021-10-30 07:12:37,539] {dagbag.py:500} INFO - Filling up the DagBag from /opt/airflow/dags/python_dag.py
[2021-10-30 07:12:37,560] {processor.py:632} INFO - DAG(s) dict_keys(['python_dag']) retrieved from /opt/airflow/dags/python_dag.py
[2021-10-30 07:12:37,642] {logging_mixin.py:109} INFO - [2021-10-30 07:12:37,642] {dag.py:2389} INFO - Sync 1 DAGs
[2021-10-30 07:12:37,648] {logging_mixin.py:109} INFO - [2021-10-30 07:12:37,648] {dag.py:2914} INFO - Setting next_dagrun for python_dag to 2021-10-30T00:00:00+00:00
[2021-10-30 07:12:37,654] {processor.py:171} INFO - Processing /opt/airflow/dags/python_dag.py took 0.126 seconds
[2021-10-30 07:13:07,847] {processor.py:163} INFO - Started process (PID=354) to work on /opt/airflow/dags/python_dag.py
[2021-10-30 07:13:07,851] {processor.py:620} INFO - Processing file /opt/airflow/dags/python_dag.py for tasks to queue
[2021-10-30 07:13:07,853] {logging_mixin.py:109} INFO - [2021-10-30 07:13:07,853] {dagbag.py:500} INFO - Filling up the DagBag from /opt/airflow/dags/python_dag.py
[2021-10-30 07:13:07,880] {processor.py:632} INFO - DAG(s) dict_keys(['python_dag']) retrieved from /opt/airflow/dags/python_dag.py
[2021-10-30 07:13:07,949] {logging_mixin.py:109} INFO - [2021-10-30 07:13:07,949] {dag.py:2389} INFO - Sync 1 DAGs
[2021-10-30 07:13:07,955] {logging_mixin.py:109} INFO - [2021-10-30 07:13:07,955] {dag.py:2914} INFO - Setting next_dagrun for python_dag to 2021-10-30T00:00:00+00:00
[2021-10-30 07:13:07,961] {processor.py:171} INFO - Processing /opt/airflow/dags/python_dag.py took 0.118 seconds
[2021-10-30 07:13:38,327] {processor.py:163} INFO - Started process (PID=358) to work on /opt/airflow/dags/python_dag.py
[2021-10-30 07:13:38,330] {processor.py:620} INFO - Processing file /opt/airflow/dags/python_dag.py for tasks to queue
[2021-10-30 07:13:38,332] {logging_mixin.py:109} INFO - [2021-10-30 07:13:38,332] {dagbag.py:500} INFO - Filling up the DagBag from /opt/airflow/dags/python_dag.py
[2021-10-30 07:13:38,364] {processor.py:632} INFO - DAG(s) dict_keys(['python_dag']) retrieved from /opt/airflow/dags/python_dag.py
[2021-10-30 07:13:38,433] {logging_mixin.py:109} INFO - [2021-10-30 07:13:38,433] {dag.py:2389} INFO - Sync 1 DAGs
[2021-10-30 07:13:38,438] {logging_mixin.py:109} INFO - [2021-10-30 07:13:38,438] {dag.py:2914} INFO - Setting next_dagrun for python_dag to 2021-10-30T00:00:00+00:00
[2021-10-30 07:13:38,445] {processor.py:171} INFO - Processing /opt/airflow/dags/python_dag.py took 0.123 seconds
[2021-10-30 07:14:08,797] {processor.py:163} INFO - Started process (PID=362) to work on /opt/airflow/dags/python_dag.py
[2021-10-30 07:14:08,801] {processor.py:620} INFO - Processing file /opt/airflow/dags/python_dag.py for tasks to queue
[2021-10-30 07:14:08,803] {logging_mixin.py:109} INFO - [2021-10-30 07:14:08,803] {dagbag.py:500} INFO - Filling up the DagBag from /opt/airflow/dags/python_dag.py
[2021-10-30 07:14:08,831] {processor.py:632} INFO - DAG(s) dict_keys(['python_dag']) retrieved from /opt/airflow/dags/python_dag.py
[2021-10-30 07:14:08,901] {logging_mixin.py:109} INFO - [2021-10-30 07:14:08,901] {dag.py:2389} INFO - Sync 1 DAGs
[2021-10-30 07:14:08,905] {logging_mixin.py:109} INFO - [2021-10-30 07:14:08,905] {dag.py:2914} INFO - Setting next_dagrun for python_dag to 2021-10-30T00:00:00+00:00
[2021-10-30 07:14:08,912] {processor.py:171} INFO - Processing /opt/airflow/dags/python_dag.py took 0.119 seconds
[2021-10-30 07:14:39,238] {processor.py:163} INFO - Started process (PID=366) to work on /opt/airflow/dags/python_dag.py
[2021-10-30 07:14:39,242] {processor.py:620} INFO - Processing file /opt/airflow/dags/python_dag.py for tasks to queue
[2021-10-30 07:14:39,243] {logging_mixin.py:109} INFO - [2021-10-30 07:14:39,243] {dagbag.py:500} INFO - Filling up the DagBag from /opt/airflow/dags/python_dag.py
[2021-10-30 07:14:39,270] {processor.py:632} INFO - DAG(s) dict_keys(['python_dag']) retrieved from /opt/airflow/dags/python_dag.py
[2021-10-30 07:14:39,339] {logging_mixin.py:109} INFO - [2021-10-30 07:14:39,339] {dag.py:2389} INFO - Sync 1 DAGs
[2021-10-30 07:14:39,344] {logging_mixin.py:109} INFO - [2021-10-30 07:14:39,344] {dag.py:2914} INFO - Setting next_dagrun for python_dag to 2021-10-30T00:00:00+00:00
[2021-10-30 07:14:39,351] {processor.py:171} INFO - Processing /opt/airflow/dags/python_dag.py took 0.116 seconds
[2021-10-30 07:15:09,704] {processor.py:163} INFO - Started process (PID=370) to work on /opt/airflow/dags/python_dag.py
[2021-10-30 07:15:09,707] {processor.py:620} INFO - Processing file /opt/airflow/dags/python_dag.py for tasks to queue
[2021-10-30 07:15:09,709] {logging_mixin.py:109} INFO - [2021-10-30 07:15:09,709] {dagbag.py:500} INFO - Filling up the DagBag from /opt/airflow/dags/python_dag.py
[2021-10-30 07:15:09,735] {processor.py:632} INFO - DAG(s) dict_keys(['python_dag']) retrieved from /opt/airflow/dags/python_dag.py
[2021-10-30 07:15:09,821] {logging_mixin.py:109} INFO - [2021-10-30 07:15:09,821] {dag.py:2389} INFO - Sync 1 DAGs
[2021-10-30 07:15:09,826] {logging_mixin.py:109} INFO - [2021-10-30 07:15:09,826] {dag.py:2914} INFO - Setting next_dagrun for python_dag to 2021-10-30T00:00:00+00:00
[2021-10-30 07:15:09,832] {processor.py:171} INFO - Processing /opt/airflow/dags/python_dag.py took 0.132 seconds
[2021-10-30 07:15:40,135] {processor.py:163} INFO - Started process (PID=374) to work on /opt/airflow/dags/python_dag.py
[2021-10-30 07:15:40,138] {processor.py:620} INFO - Processing file /opt/airflow/dags/python_dag.py for tasks to queue
[2021-10-30 07:15:40,140] {logging_mixin.py:109} INFO - [2021-10-30 07:15:40,140] {dagbag.py:500} INFO - Filling up the DagBag from /opt/airflow/dags/python_dag.py
[2021-10-30 07:15:40,162] {processor.py:632} INFO - DAG(s) dict_keys(['python_dag']) retrieved from /opt/airflow/dags/python_dag.py
[2021-10-30 07:15:40,231] {logging_mixin.py:109} INFO - [2021-10-30 07:15:40,231] {dag.py:2389} INFO - Sync 1 DAGs
[2021-10-30 07:15:40,236] {logging_mixin.py:109} INFO - [2021-10-30 07:15:40,236] {dag.py:2914} INFO - Setting next_dagrun for python_dag to 2021-10-30T00:00:00+00:00
[2021-10-30 07:15:40,242] {processor.py:171} INFO - Processing /opt/airflow/dags/python_dag.py took 0.110 seconds
[2021-10-30 07:16:10,573] {processor.py:163} INFO - Started process (PID=378) to work on /opt/airflow/dags/python_dag.py
[2021-10-30 07:16:10,577] {processor.py:620} INFO - Processing file /opt/airflow/dags/python_dag.py for tasks to queue
[2021-10-30 07:16:10,579] {logging_mixin.py:109} INFO - [2021-10-30 07:16:10,579] {dagbag.py:500} INFO - Filling up the DagBag from /opt/airflow/dags/python_dag.py
[2021-10-30 07:16:10,605] {processor.py:632} INFO - DAG(s) dict_keys(['python_dag']) retrieved from /opt/airflow/dags/python_dag.py
[2021-10-30 07:16:10,676] {logging_mixin.py:109} INFO - [2021-10-30 07:16:10,676] {dag.py:2389} INFO - Sync 1 DAGs
[2021-10-30 07:16:10,682] {logging_mixin.py:109} INFO - [2021-10-30 07:16:10,682] {dag.py:2914} INFO - Setting next_dagrun for python_dag to 2021-10-30T00:00:00+00:00
[2021-10-30 07:16:10,687] {processor.py:171} INFO - Processing /opt/airflow/dags/python_dag.py took 0.119 seconds
[2021-10-30 07:16:41,036] {processor.py:163} INFO - Started process (PID=382) to work on /opt/airflow/dags/python_dag.py
[2021-10-30 07:16:41,040] {processor.py:620} INFO - Processing file /opt/airflow/dags/python_dag.py for tasks to queue
[2021-10-30 07:16:41,041] {logging_mixin.py:109} INFO - [2021-10-30 07:16:41,041] {dagbag.py:500} INFO - Filling up the DagBag from /opt/airflow/dags/python_dag.py
[2021-10-30 07:16:41,059] {processor.py:632} INFO - DAG(s) dict_keys(['python_dag']) retrieved from /opt/airflow/dags/python_dag.py
[2021-10-30 07:16:41,131] {logging_mixin.py:109} INFO - [2021-10-30 07:16:41,131] {dag.py:2389} INFO - Sync 1 DAGs
[2021-10-30 07:16:41,136] {logging_mixin.py:109} INFO - [2021-10-30 07:16:41,136] {dag.py:2914} INFO - Setting next_dagrun for python_dag to 2021-10-30T00:00:00+00:00
[2021-10-30 07:16:41,142] {processor.py:171} INFO - Processing /opt/airflow/dags/python_dag.py took 0.110 seconds
[2021-10-30 07:17:11,361] {processor.py:163} INFO - Started process (PID=386) to work on /opt/airflow/dags/python_dag.py
[2021-10-30 07:17:11,364] {processor.py:620} INFO - Processing file /opt/airflow/dags/python_dag.py for tasks to queue
[2021-10-30 07:17:11,366] {logging_mixin.py:109} INFO - [2021-10-30 07:17:11,366] {dagbag.py:500} INFO - Filling up the DagBag from /opt/airflow/dags/python_dag.py
[2021-10-30 07:17:11,391] {processor.py:632} INFO - DAG(s) dict_keys(['python_dag']) retrieved from /opt/airflow/dags/python_dag.py
[2021-10-30 07:17:11,460] {logging_mixin.py:109} INFO - [2021-10-30 07:17:11,460] {dag.py:2389} INFO - Sync 1 DAGs
[2021-10-30 07:17:11,465] {logging_mixin.py:109} INFO - [2021-10-30 07:17:11,465] {dag.py:2914} INFO - Setting next_dagrun for python_dag to 2021-10-30T00:00:00+00:00
[2021-10-30 07:17:11,472] {processor.py:171} INFO - Processing /opt/airflow/dags/python_dag.py took 0.116 seconds
[2021-10-30 07:17:41,759] {processor.py:163} INFO - Started process (PID=390) to work on /opt/airflow/dags/python_dag.py
[2021-10-30 07:17:41,763] {processor.py:620} INFO - Processing file /opt/airflow/dags/python_dag.py for tasks to queue
[2021-10-30 07:17:41,765] {logging_mixin.py:109} INFO - [2021-10-30 07:17:41,765] {dagbag.py:500} INFO - Filling up the DagBag from /opt/airflow/dags/python_dag.py
[2021-10-30 07:17:41,792] {processor.py:632} INFO - DAG(s) dict_keys(['python_dag']) retrieved from /opt/airflow/dags/python_dag.py
[2021-10-30 07:17:41,862] {logging_mixin.py:109} INFO - [2021-10-30 07:17:41,862] {dag.py:2389} INFO - Sync 1 DAGs
[2021-10-30 07:17:41,866] {logging_mixin.py:109} INFO - [2021-10-30 07:17:41,866] {dag.py:2914} INFO - Setting next_dagrun for python_dag to 2021-10-30T00:00:00+00:00
[2021-10-30 07:17:41,873] {processor.py:171} INFO - Processing /opt/airflow/dags/python_dag.py took 0.119 seconds
[2021-10-30 07:18:12,143] {processor.py:163} INFO - Started process (PID=394) to work on /opt/airflow/dags/python_dag.py
[2021-10-30 07:18:12,147] {processor.py:620} INFO - Processing file /opt/airflow/dags/python_dag.py for tasks to queue
[2021-10-30 07:18:12,149] {logging_mixin.py:109} INFO - [2021-10-30 07:18:12,149] {dagbag.py:500} INFO - Filling up the DagBag from /opt/airflow/dags/python_dag.py
[2021-10-30 07:18:12,177] {processor.py:632} INFO - DAG(s) dict_keys(['python_dag']) retrieved from /opt/airflow/dags/python_dag.py
[2021-10-30 07:18:12,254] {logging_mixin.py:109} INFO - [2021-10-30 07:18:12,254] {dag.py:2389} INFO - Sync 1 DAGs
[2021-10-30 07:18:12,260] {logging_mixin.py:109} INFO - [2021-10-30 07:18:12,260] {dag.py:2914} INFO - Setting next_dagrun for python_dag to 2021-10-30T00:00:00+00:00
[2021-10-30 07:18:12,266] {processor.py:171} INFO - Processing /opt/airflow/dags/python_dag.py took 0.128 seconds
[2021-10-30 07:18:42,547] {processor.py:163} INFO - Started process (PID=398) to work on /opt/airflow/dags/python_dag.py
[2021-10-30 07:18:42,551] {processor.py:620} INFO - Processing file /opt/airflow/dags/python_dag.py for tasks to queue
[2021-10-30 07:18:42,553] {logging_mixin.py:109} INFO - [2021-10-30 07:18:42,553] {dagbag.py:500} INFO - Filling up the DagBag from /opt/airflow/dags/python_dag.py
[2021-10-30 07:18:42,578] {processor.py:632} INFO - DAG(s) dict_keys(['python_dag']) retrieved from /opt/airflow/dags/python_dag.py
[2021-10-30 07:18:42,649] {logging_mixin.py:109} INFO - [2021-10-30 07:18:42,649] {dag.py:2389} INFO - Sync 1 DAGs
[2021-10-30 07:18:42,654] {logging_mixin.py:109} INFO - [2021-10-30 07:18:42,654] {dag.py:2914} INFO - Setting next_dagrun for python_dag to 2021-10-30T00:00:00+00:00
[2021-10-30 07:18:42,660] {processor.py:171} INFO - Processing /opt/airflow/dags/python_dag.py took 0.117 seconds
[2021-10-30 07:19:12,926] {processor.py:163} INFO - Started process (PID=402) to work on /opt/airflow/dags/python_dag.py
[2021-10-30 07:19:12,929] {processor.py:620} INFO - Processing file /opt/airflow/dags/python_dag.py for tasks to queue
[2021-10-30 07:19:12,932] {logging_mixin.py:109} INFO - [2021-10-30 07:19:12,932] {dagbag.py:500} INFO - Filling up the DagBag from /opt/airflow/dags/python_dag.py
[2021-10-30 07:19:12,959] {processor.py:632} INFO - DAG(s) dict_keys(['python_dag']) retrieved from /opt/airflow/dags/python_dag.py
[2021-10-30 07:19:13,033] {logging_mixin.py:109} INFO - [2021-10-30 07:19:13,033] {dag.py:2389} INFO - Sync 1 DAGs
[2021-10-30 07:19:13,038] {logging_mixin.py:109} INFO - [2021-10-30 07:19:13,038] {dag.py:2914} INFO - Setting next_dagrun for python_dag to 2021-10-30T00:00:00+00:00
[2021-10-30 07:19:13,045] {processor.py:171} INFO - Processing /opt/airflow/dags/python_dag.py took 0.123 seconds
[2021-10-30 07:19:43,177] {processor.py:163} INFO - Started process (PID=406) to work on /opt/airflow/dags/python_dag.py
[2021-10-30 07:19:43,180] {processor.py:620} INFO - Processing file /opt/airflow/dags/python_dag.py for tasks to queue
[2021-10-30 07:19:43,182] {logging_mixin.py:109} INFO - [2021-10-30 07:19:43,182] {dagbag.py:500} INFO - Filling up the DagBag from /opt/airflow/dags/python_dag.py
[2021-10-30 07:19:43,209] {processor.py:632} INFO - DAG(s) dict_keys(['python_dag']) retrieved from /opt/airflow/dags/python_dag.py
[2021-10-30 07:19:43,290] {logging_mixin.py:109} INFO - [2021-10-30 07:19:43,290] {dag.py:2389} INFO - Sync 1 DAGs
[2021-10-30 07:19:43,297] {logging_mixin.py:109} INFO - [2021-10-30 07:19:43,297] {dag.py:2914} INFO - Setting next_dagrun for python_dag to 2021-10-30T00:00:00+00:00
[2021-10-30 07:19:43,304] {processor.py:171} INFO - Processing /opt/airflow/dags/python_dag.py took 0.131 seconds
[2021-10-30 07:20:13,482] {processor.py:163} INFO - Started process (PID=410) to work on /opt/airflow/dags/python_dag.py
[2021-10-30 07:20:13,485] {processor.py:620} INFO - Processing file /opt/airflow/dags/python_dag.py for tasks to queue
[2021-10-30 07:20:13,486] {logging_mixin.py:109} INFO - [2021-10-30 07:20:13,486] {dagbag.py:500} INFO - Filling up the DagBag from /opt/airflow/dags/python_dag.py
[2021-10-30 07:20:13,502] {processor.py:632} INFO - DAG(s) dict_keys(['python_dag']) retrieved from /opt/airflow/dags/python_dag.py
[2021-10-30 07:20:13,574] {logging_mixin.py:109} INFO - [2021-10-30 07:20:13,574] {dag.py:2389} INFO - Sync 1 DAGs
[2021-10-30 07:20:13,581] {logging_mixin.py:109} INFO - [2021-10-30 07:20:13,581] {dag.py:2914} INFO - Setting next_dagrun for python_dag to 2021-10-30T00:00:00+00:00
[2021-10-30 07:20:13,588] {processor.py:171} INFO - Processing /opt/airflow/dags/python_dag.py took 0.109 seconds
[2021-10-30 07:20:43,837] {processor.py:163} INFO - Started process (PID=414) to work on /opt/airflow/dags/python_dag.py
[2021-10-30 07:20:43,840] {processor.py:620} INFO - Processing file /opt/airflow/dags/python_dag.py for tasks to queue
[2021-10-30 07:20:43,843] {logging_mixin.py:109} INFO - [2021-10-30 07:20:43,842] {dagbag.py:500} INFO - Filling up the DagBag from /opt/airflow/dags/python_dag.py
[2021-10-30 07:20:43,870] {processor.py:632} INFO - DAG(s) dict_keys(['python_dag']) retrieved from /opt/airflow/dags/python_dag.py
[2021-10-30 07:20:43,940] {logging_mixin.py:109} INFO - [2021-10-30 07:20:43,940] {dag.py:2389} INFO - Sync 1 DAGs
[2021-10-30 07:20:43,945] {logging_mixin.py:109} INFO - [2021-10-30 07:20:43,945] {dag.py:2914} INFO - Setting next_dagrun for python_dag to 2021-10-30T00:00:00+00:00
[2021-10-30 07:20:43,951] {processor.py:171} INFO - Processing /opt/airflow/dags/python_dag.py took 0.118 seconds
[2021-10-30 07:21:14,169] {processor.py:163} INFO - Started process (PID=418) to work on /opt/airflow/dags/python_dag.py
[2021-10-30 07:21:14,173] {processor.py:620} INFO - Processing file /opt/airflow/dags/python_dag.py for tasks to queue
[2021-10-30 07:21:14,175] {logging_mixin.py:109} INFO - [2021-10-30 07:21:14,174] {dagbag.py:500} INFO - Filling up the DagBag from /opt/airflow/dags/python_dag.py
[2021-10-30 07:21:14,202] {processor.py:632} INFO - DAG(s) dict_keys(['python_dag']) retrieved from /opt/airflow/dags/python_dag.py
[2021-10-30 07:21:14,271] {logging_mixin.py:109} INFO - [2021-10-30 07:21:14,270] {dag.py:2389} INFO - Sync 1 DAGs
[2021-10-30 07:21:14,275] {logging_mixin.py:109} INFO - [2021-10-30 07:21:14,275] {dag.py:2914} INFO - Setting next_dagrun for python_dag to 2021-10-30T00:00:00+00:00
[2021-10-30 07:21:14,281] {processor.py:171} INFO - Processing /opt/airflow/dags/python_dag.py took 0.116 seconds
[2021-10-30 07:21:44,510] {processor.py:163} INFO - Started process (PID=422) to work on /opt/airflow/dags/python_dag.py
[2021-10-30 07:21:44,513] {processor.py:620} INFO - Processing file /opt/airflow/dags/python_dag.py for tasks to queue
[2021-10-30 07:21:44,515] {logging_mixin.py:109} INFO - [2021-10-30 07:21:44,515] {dagbag.py:500} INFO - Filling up the DagBag from /opt/airflow/dags/python_dag.py
[2021-10-30 07:21:44,542] {processor.py:632} INFO - DAG(s) dict_keys(['python_dag']) retrieved from /opt/airflow/dags/python_dag.py
[2021-10-30 07:21:44,618] {logging_mixin.py:109} INFO - [2021-10-30 07:21:44,618] {dag.py:2389} INFO - Sync 1 DAGs
[2021-10-30 07:21:44,623] {logging_mixin.py:109} INFO - [2021-10-30 07:21:44,623] {dag.py:2914} INFO - Setting next_dagrun for python_dag to 2021-10-30T00:00:00+00:00
[2021-10-30 07:21:44,630] {processor.py:171} INFO - Processing /opt/airflow/dags/python_dag.py took 0.123 seconds
[2021-10-30 07:21:50,605] {processor.py:163} INFO - Started process (PID=423) to work on /opt/airflow/dags/python_dag.py
[2021-10-30 07:21:50,608] {processor.py:620} INFO - Processing file /opt/airflow/dags/python_dag.py for tasks to queue
[2021-10-30 07:21:50,609] {logging_mixin.py:109} INFO - [2021-10-30 07:21:50,609] {dagbag.py:500} INFO - Filling up the DagBag from /opt/airflow/dags/python_dag.py
[2021-10-30 07:21:50,639] {logging_mixin.py:109} INFO - [2021-10-30 07:21:50,636] {dagbag.py:334} ERROR - Failed to import: /opt/airflow/dags/python_dag.py
Traceback (most recent call last):
  File "/usr/local/lib/python3.8/dist-packages/airflow/models/dagbag.py", line 331, in _load_modules_from_file
    loader.exec_module(new_module)
  File "<frozen importlib._bootstrap_external>", line 848, in exec_module
  File "<frozen importlib._bootstrap>", line 219, in _call_with_frames_removed
  File "/opt/airflow/dags/python_dag.py", line 30, in <module>
    extract_task >> transform_task
NameError: name 'extract_task' is not defined
[2021-10-30 07:21:50,646] {processor.py:668} INFO - Deactivated 1 DAGs which are no longer present in /opt/airflow/dags/python_dag.py
[2021-10-30 07:21:50,647] {processor.py:634} WARNING - No viable dags retrieved from /opt/airflow/dags/python_dag.py
[2021-10-30 07:21:50,653] {processor.py:171} INFO - Processing /opt/airflow/dags/python_dag.py took 0.051 seconds
[2021-10-30 07:21:53,558] {processor.py:163} INFO - Started process (PID=424) to work on /opt/airflow/dags/python_dag.py
[2021-10-30 07:21:53,560] {processor.py:620} INFO - Processing file /opt/airflow/dags/python_dag.py for tasks to queue
[2021-10-30 07:21:53,561] {logging_mixin.py:109} INFO - [2021-10-30 07:21:53,561] {dagbag.py:500} INFO - Filling up the DagBag from /opt/airflow/dags/python_dag.py
[2021-10-30 07:21:53,584] {logging_mixin.py:109} INFO - [2021-10-30 07:21:53,583] {dagbag.py:334} ERROR - Failed to import: /opt/airflow/dags/python_dag.py
Traceback (most recent call last):
  File "/usr/local/lib/python3.8/dist-packages/airflow/models/dagbag.py", line 331, in _load_modules_from_file
    loader.exec_module(new_module)
  File "<frozen importlib._bootstrap_external>", line 848, in exec_module
  File "<frozen importlib._bootstrap>", line 219, in _call_with_frames_removed
  File "/opt/airflow/dags/python_dag.py", line 29, in <module>
    extract_task >> transform_task
NameError: name 'extract_task' is not defined
[2021-10-30 07:21:53,590] {processor.py:634} WARNING - No viable dags retrieved from /opt/airflow/dags/python_dag.py
[2021-10-30 07:21:53,597] {processor.py:171} INFO - Processing /opt/airflow/dags/python_dag.py took 0.041 seconds
[2021-10-30 07:21:55,839] {processor.py:163} INFO - Started process (PID=426) to work on /opt/airflow/dags/python_dag.py
[2021-10-30 07:21:55,842] {processor.py:620} INFO - Processing file /opt/airflow/dags/python_dag.py for tasks to queue
[2021-10-30 07:21:55,844] {logging_mixin.py:109} INFO - [2021-10-30 07:21:55,844] {dagbag.py:500} INFO - Filling up the DagBag from /opt/airflow/dags/python_dag.py
[2021-10-30 07:21:55,864] {logging_mixin.py:109} INFO - [2021-10-30 07:21:55,863] {dagbag.py:334} ERROR - Failed to import: /opt/airflow/dags/python_dag.py
Traceback (most recent call last):
  File "/usr/local/lib/python3.8/dist-packages/airflow/models/dagbag.py", line 331, in _load_modules_from_file
    loader.exec_module(new_module)
  File "<frozen importlib._bootstrap_external>", line 848, in exec_module
  File "<frozen importlib._bootstrap>", line 219, in _call_with_frames_removed
  File "/opt/airflow/dags/python_dag.py", line 28, in <module>
    extract_task >> transform_task
NameError: name 'extract_task' is not defined
[2021-10-30 07:21:55,869] {processor.py:634} WARNING - No viable dags retrieved from /opt/airflow/dags/python_dag.py
[2021-10-30 07:21:55,874] {processor.py:171} INFO - Processing /opt/airflow/dags/python_dag.py took 0.039 seconds
[2021-10-30 07:22:26,193] {processor.py:163} INFO - Started process (PID=430) to work on /opt/airflow/dags/python_dag.py
[2021-10-30 07:22:26,197] {processor.py:620} INFO - Processing file /opt/airflow/dags/python_dag.py for tasks to queue
[2021-10-30 07:22:26,198] {logging_mixin.py:109} INFO - [2021-10-30 07:22:26,198] {dagbag.py:500} INFO - Filling up the DagBag from /opt/airflow/dags/python_dag.py
[2021-10-30 07:22:26,219] {logging_mixin.py:109} INFO - [2021-10-30 07:22:26,217] {dagbag.py:334} ERROR - Failed to import: /opt/airflow/dags/python_dag.py
Traceback (most recent call last):
  File "/usr/local/lib/python3.8/dist-packages/airflow/models/dagbag.py", line 331, in _load_modules_from_file
    loader.exec_module(new_module)
  File "<frozen importlib._bootstrap_external>", line 848, in exec_module
  File "<frozen importlib._bootstrap>", line 219, in _call_with_frames_removed
  File "/opt/airflow/dags/python_dag.py", line 28, in <module>
    extract_task >> transform_task
NameError: name 'extract_task' is not defined
[2021-10-30 07:22:26,226] {processor.py:634} WARNING - No viable dags retrieved from /opt/airflow/dags/python_dag.py
[2021-10-30 07:22:26,231] {processor.py:171} INFO - Processing /opt/airflow/dags/python_dag.py took 0.042 seconds
[2021-10-30 07:22:56,521] {processor.py:163} INFO - Started process (PID=434) to work on /opt/airflow/dags/python_dag.py
[2021-10-30 07:22:56,525] {processor.py:620} INFO - Processing file /opt/airflow/dags/python_dag.py for tasks to queue
[2021-10-30 07:22:56,526] {logging_mixin.py:109} INFO - [2021-10-30 07:22:56,526] {dagbag.py:500} INFO - Filling up the DagBag from /opt/airflow/dags/python_dag.py
[2021-10-30 07:22:56,538] {logging_mixin.py:109} INFO - [2021-10-30 07:22:56,537] {dagbag.py:334} ERROR - Failed to import: /opt/airflow/dags/python_dag.py
Traceback (most recent call last):
  File "/usr/local/lib/python3.8/dist-packages/airflow/models/dagbag.py", line 331, in _load_modules_from_file
    loader.exec_module(new_module)
  File "<frozen importlib._bootstrap_external>", line 848, in exec_module
  File "<frozen importlib._bootstrap>", line 219, in _call_with_frames_removed
  File "/opt/airflow/dags/python_dag.py", line 28, in <module>
    extract_task >> transform_task
NameError: name 'extract_task' is not defined
[2021-10-30 07:22:56,543] {processor.py:634} WARNING - No viable dags retrieved from /opt/airflow/dags/python_dag.py
[2021-10-30 07:22:56,549] {processor.py:171} INFO - Processing /opt/airflow/dags/python_dag.py took 0.029 seconds
[2021-10-30 07:23:08,800] {processor.py:163} INFO - Started process (PID=437) to work on /opt/airflow/dags/python_dag.py
[2021-10-30 07:23:08,803] {processor.py:620} INFO - Processing file /opt/airflow/dags/python_dag.py for tasks to queue
[2021-10-30 07:23:08,804] {logging_mixin.py:109} INFO - [2021-10-30 07:23:08,804] {dagbag.py:500} INFO - Filling up the DagBag from /opt/airflow/dags/python_dag.py
[2021-10-30 07:23:08,828] {processor.py:632} INFO - DAG(s) dict_keys(['python_dag']) retrieved from /opt/airflow/dags/python_dag.py
[2021-10-30 07:23:08,902] {logging_mixin.py:109} INFO - [2021-10-30 07:23:08,902] {dag.py:2389} INFO - Sync 1 DAGs
[2021-10-30 07:23:08,907] {logging_mixin.py:109} INFO - [2021-10-30 07:23:08,907] {dag.py:2914} INFO - Setting next_dagrun for python_dag to 2021-10-30T00:00:00+00:00
[2021-10-30 07:23:08,917] {processor.py:171} INFO - Processing /opt/airflow/dags/python_dag.py took 0.119 seconds
[2021-10-30 07:23:26,840] {processor.py:163} INFO - Started process (PID=439) to work on /opt/airflow/dags/python_dag.py
[2021-10-30 07:23:26,842] {processor.py:620} INFO - Processing file /opt/airflow/dags/python_dag.py for tasks to queue
[2021-10-30 07:23:26,862] {logging_mixin.py:109} INFO - [2021-10-30 07:23:26,862] {dagbag.py:500} INFO - Filling up the DagBag from /opt/airflow/dags/python_dag.py
[2021-10-30 07:23:26,876] {logging_mixin.py:109} INFO - [2021-10-30 07:23:26,876] {dagbag.py:334} ERROR - Failed to import: /opt/airflow/dags/python_dag.py
Traceback (most recent call last):
  File "/usr/local/lib/python3.8/dist-packages/airflow/models/dagbag.py", line 331, in _load_modules_from_file
    loader.exec_module(new_module)
  File "<frozen importlib._bootstrap_external>", line 844, in exec_module
  File "<frozen importlib._bootstrap_external>", line 981, in get_code
  File "<frozen importlib._bootstrap_external>", line 911, in source_to_code
  File "<frozen importlib._bootstrap>", line 219, in _call_with_frames_removed
  File "/opt/airflow/dags/python_dag.py", line 18
    print(type(order_data))
    ^
IndentationError: expected an indented block
[2021-10-30 07:23:26,883] {processor.py:668} INFO - Deactivated 1 DAGs which are no longer present in /opt/airflow/dags/python_dag.py
[2021-10-30 07:23:26,884] {processor.py:634} WARNING - No viable dags retrieved from /opt/airflow/dags/python_dag.py
[2021-10-30 07:23:26,888] {processor.py:171} INFO - Processing /opt/airflow/dags/python_dag.py took 0.052 seconds
[2021-10-30 07:23:29,017] {processor.py:163} INFO - Started process (PID=440) to work on /opt/airflow/dags/python_dag.py
[2021-10-30 07:23:29,018] {processor.py:620} INFO - Processing file /opt/airflow/dags/python_dag.py for tasks to queue
[2021-10-30 07:23:29,019] {logging_mixin.py:109} INFO - [2021-10-30 07:23:29,019] {dagbag.py:500} INFO - Filling up the DagBag from /opt/airflow/dags/python_dag.py
[2021-10-30 07:23:29,048] {processor.py:632} INFO - DAG(s) dict_keys(['python_dag']) retrieved from /opt/airflow/dags/python_dag.py
[2021-10-30 07:23:29,051] {logging_mixin.py:109} INFO - [2021-10-30 07:23:29,051] {dag.py:2389} INFO - Sync 1 DAGs
[2021-10-30 07:23:29,057] {logging_mixin.py:109} INFO - [2021-10-30 07:23:29,057] {dag.py:2914} INFO - Setting next_dagrun for python_dag to 2021-10-30T00:00:00+00:00
[2021-10-30 07:23:29,065] {processor.py:171} INFO - Processing /opt/airflow/dags/python_dag.py took 0.051 seconds
[2021-10-30 07:23:53,093] {processor.py:163} INFO - Started process (PID=443) to work on /opt/airflow/dags/python_dag.py
[2021-10-30 07:23:53,096] {processor.py:620} INFO - Processing file /opt/airflow/dags/python_dag.py for tasks to queue
[2021-10-30 07:23:53,096] {logging_mixin.py:109} INFO - [2021-10-30 07:23:53,096] {dagbag.py:500} INFO - Filling up the DagBag from /opt/airflow/dags/python_dag.py
[2021-10-30 07:23:53,127] {processor.py:632} INFO - DAG(s) dict_keys(['python_dag']) retrieved from /opt/airflow/dags/python_dag.py
[2021-10-30 07:23:53,198] {logging_mixin.py:109} INFO - [2021-10-30 07:23:53,198] {dag.py:2389} INFO - Sync 1 DAGs
[2021-10-30 07:23:53,203] {logging_mixin.py:109} INFO - [2021-10-30 07:23:53,203] {dag.py:2914} INFO - Setting next_dagrun for python_dag to 2021-10-30T00:00:00+00:00
[2021-10-30 07:23:53,212] {processor.py:171} INFO - Processing /opt/airflow/dags/python_dag.py took 0.122 seconds
[2021-10-30 07:24:15,237] {processor.py:163} INFO - Started process (PID=447) to work on /opt/airflow/dags/python_dag.py
[2021-10-30 07:24:15,240] {processor.py:620} INFO - Processing file /opt/airflow/dags/python_dag.py for tasks to queue
[2021-10-30 07:24:15,242] {logging_mixin.py:109} INFO - [2021-10-30 07:24:15,242] {dagbag.py:500} INFO - Filling up the DagBag from /opt/airflow/dags/python_dag.py
[2021-10-30 07:24:15,282] {processor.py:632} INFO - DAG(s) dict_keys(['python_dag']) retrieved from /opt/airflow/dags/python_dag.py
[2021-10-30 07:24:15,299] {logging_mixin.py:109} INFO - [2021-10-30 07:24:15,299] {dag.py:2389} INFO - Sync 1 DAGs
[2021-10-30 07:24:15,304] {logging_mixin.py:109} INFO - [2021-10-30 07:24:15,304] {dag.py:2914} INFO - Setting next_dagrun for python_dag to 2021-10-30T00:00:00+00:00
[2021-10-30 07:24:15,311] {processor.py:171} INFO - Processing /opt/airflow/dags/python_dag.py took 0.076 seconds
[2021-10-30 07:24:45,646] {processor.py:163} INFO - Started process (PID=457) to work on /opt/airflow/dags/python_dag.py
[2021-10-30 07:24:45,648] {processor.py:620} INFO - Processing file /opt/airflow/dags/python_dag.py for tasks to queue
[2021-10-30 07:24:45,649] {logging_mixin.py:109} INFO - [2021-10-30 07:24:45,649] {dagbag.py:500} INFO - Filling up the DagBag from /opt/airflow/dags/python_dag.py
[2021-10-30 07:24:45,666] {processor.py:632} INFO - DAG(s) dict_keys(['python_dag']) retrieved from /opt/airflow/dags/python_dag.py
[2021-10-30 07:24:45,741] {logging_mixin.py:109} INFO - [2021-10-30 07:24:45,741] {dag.py:2389} INFO - Sync 1 DAGs
[2021-10-30 07:24:45,746] {logging_mixin.py:109} INFO - [2021-10-30 07:24:45,746] {dag.py:2914} INFO - Setting next_dagrun for python_dag to 2021-10-30T00:00:00+00:00
[2021-10-30 07:24:45,754] {processor.py:171} INFO - Processing /opt/airflow/dags/python_dag.py took 0.110 seconds
[2021-10-30 07:25:16,165] {processor.py:163} INFO - Started process (PID=461) to work on /opt/airflow/dags/python_dag.py
[2021-10-30 07:25:16,169] {processor.py:620} INFO - Processing file /opt/airflow/dags/python_dag.py for tasks to queue
[2021-10-30 07:25:16,172] {logging_mixin.py:109} INFO - [2021-10-30 07:25:16,172] {dagbag.py:500} INFO - Filling up the DagBag from /opt/airflow/dags/python_dag.py
[2021-10-30 07:25:16,230] {processor.py:632} INFO - DAG(s) dict_keys(['python_dag']) retrieved from /opt/airflow/dags/python_dag.py
[2021-10-30 07:25:16,422] {logging_mixin.py:109} INFO - [2021-10-30 07:25:16,422] {dag.py:2389} INFO - Sync 1 DAGs
[2021-10-30 07:25:16,430] {logging_mixin.py:109} INFO - [2021-10-30 07:25:16,429] {dag.py:2914} INFO - Setting next_dagrun for python_dag to 2021-10-30T00:00:00+00:00
[2021-10-30 07:25:16,446] {processor.py:171} INFO - Processing /opt/airflow/dags/python_dag.py took 0.285 seconds
[2021-10-30 07:25:41,116] {processor.py:163} INFO - Started process (PID=465) to work on /opt/airflow/dags/python_dag.py
[2021-10-30 07:25:41,119] {processor.py:620} INFO - Processing file /opt/airflow/dags/python_dag.py for tasks to queue
[2021-10-30 07:25:41,120] {logging_mixin.py:109} INFO - [2021-10-30 07:25:41,120] {dagbag.py:500} INFO - Filling up the DagBag from /opt/airflow/dags/python_dag.py
[2021-10-30 07:25:41,154] {processor.py:632} INFO - DAG(s) dict_keys(['python_dag']) retrieved from /opt/airflow/dags/python_dag.py
[2021-10-30 07:25:41,158] {logging_mixin.py:109} INFO - [2021-10-30 07:25:41,158] {dag.py:2389} INFO - Sync 1 DAGs
[2021-10-30 07:25:41,165] {logging_mixin.py:109} INFO - [2021-10-30 07:25:41,165] {dag.py:2914} INFO - Setting next_dagrun for python_dag to 2021-10-30T00:00:00+00:00
[2021-10-30 07:25:41,175] {processor.py:171} INFO - Processing /opt/airflow/dags/python_dag.py took 0.060 seconds
[2021-10-30 07:25:45,982] {processor.py:163} INFO - Started process (PID=466) to work on /opt/airflow/dags/python_dag.py
[2021-10-30 07:25:45,985] {processor.py:620} INFO - Processing file /opt/airflow/dags/python_dag.py for tasks to queue
[2021-10-30 07:25:45,986] {logging_mixin.py:109} INFO - [2021-10-30 07:25:45,986] {dagbag.py:500} INFO - Filling up the DagBag from /opt/airflow/dags/python_dag.py
[2021-10-30 07:25:46,022] {logging_mixin.py:109} INFO - [2021-10-30 07:25:46,018] {dagbag.py:334} ERROR - Failed to import: /opt/airflow/dags/python_dag.py
Traceback (most recent call last):
  File "/usr/local/lib/python3.8/dist-packages/airflow/models/dagbag.py", line 331, in _load_modules_from_file
    loader.exec_module(new_module)
  File "<frozen importlib._bootstrap_external>", line 848, in exec_module
  File "<frozen importlib._bootstrap>", line 219, in _call_with_frames_removed
  File "/opt/airflow/dags/python_dag.py", line 29, in <module>
    dag = taskflow()
  File "/usr/local/lib/python3.8/dist-packages/airflow/models/dag.py", line 2963, in factory
    f(**f_kwargs)
  File "/opt/airflow/dags/python_dag.py", line 27, in taskflow
    transfrom(extract()) >> loading
  File "/usr/local/lib/python3.8/dist-packages/airflow/models/taskmixin.py", line 64, in __rshift__
    self.set_downstream(other)
  File "/usr/local/lib/python3.8/dist-packages/airflow/models/xcom_arg.py", line 129, in set_downstream
    self.operator.set_downstream(task_or_task_list, edge_modifier)
  File "/usr/local/lib/python3.8/dist-packages/airflow/models/baseoperator.py", line 1474, in set_downstream
    self._set_relatives(task_or_task_list, upstream=False, edge_modifier=edge_modifier)
  File "/usr/local/lib/python3.8/dist-packages/airflow/models/baseoperator.py", line 1412, in _set_relatives
    task_object.update_relative(self, not upstream)
AttributeError: 'function' object has no attribute 'update_relative'
[2021-10-30 07:25:46,028] {processor.py:668} INFO - Deactivated 1 DAGs which are no longer present in /opt/airflow/dags/python_dag.py
[2021-10-30 07:25:46,029] {processor.py:634} WARNING - No viable dags retrieved from /opt/airflow/dags/python_dag.py
[2021-10-30 07:25:46,034] {processor.py:171} INFO - Processing /opt/airflow/dags/python_dag.py took 0.053 seconds
[2021-10-30 07:25:46,856] {processor.py:163} INFO - Started process (PID=467) to work on /opt/airflow/dags/python_dag.py
[2021-10-30 07:25:46,857] {processor.py:620} INFO - Processing file /opt/airflow/dags/python_dag.py for tasks to queue
[2021-10-30 07:25:46,858] {logging_mixin.py:109} INFO - [2021-10-30 07:25:46,858] {dagbag.py:500} INFO - Filling up the DagBag from /opt/airflow/dags/python_dag.py
[2021-10-30 07:25:46,891] {logging_mixin.py:109} INFO - [2021-10-30 07:25:46,889] {dagbag.py:334} ERROR - Failed to import: /opt/airflow/dags/python_dag.py
Traceback (most recent call last):
  File "/usr/local/lib/python3.8/dist-packages/airflow/models/dagbag.py", line 331, in _load_modules_from_file
    loader.exec_module(new_module)
  File "<frozen importlib._bootstrap_external>", line 848, in exec_module
  File "<frozen importlib._bootstrap>", line 219, in _call_with_frames_removed
  File "/opt/airflow/dags/python_dag.py", line 29, in <module>
    dag = taskflow()
  File "/usr/local/lib/python3.8/dist-packages/airflow/models/dag.py", line 2963, in factory
    f(**f_kwargs)
  File "/opt/airflow/dags/python_dag.py", line 27, in taskflow
    transfrom(extract()) >> loading
  File "/usr/local/lib/python3.8/dist-packages/airflow/models/taskmixin.py", line 64, in __rshift__
    self.set_downstream(other)
  File "/usr/local/lib/python3.8/dist-packages/airflow/models/xcom_arg.py", line 129, in set_downstream
    self.operator.set_downstream(task_or_task_list, edge_modifier)
  File "/usr/local/lib/python3.8/dist-packages/airflow/models/baseoperator.py", line 1474, in set_downstream
    self._set_relatives(task_or_task_list, upstream=False, edge_modifier=edge_modifier)
  File "/usr/local/lib/python3.8/dist-packages/airflow/models/baseoperator.py", line 1412, in _set_relatives
    task_object.update_relative(self, not upstream)
AttributeError: 'function' object has no attribute 'update_relative'
[2021-10-30 07:25:46,899] {processor.py:634} WARNING - No viable dags retrieved from /opt/airflow/dags/python_dag.py
[2021-10-30 07:25:46,905] {processor.py:171} INFO - Processing /opt/airflow/dags/python_dag.py took 0.050 seconds
[2021-10-30 07:25:56,216] {processor.py:163} INFO - Started process (PID=468) to work on /opt/airflow/dags/python_dag.py
[2021-10-30 07:25:56,217] {processor.py:620} INFO - Processing file /opt/airflow/dags/python_dag.py for tasks to queue
[2021-10-30 07:25:56,219] {logging_mixin.py:109} INFO - [2021-10-30 07:25:56,218] {dagbag.py:500} INFO - Filling up the DagBag from /opt/airflow/dags/python_dag.py
[2021-10-30 07:25:56,265] {processor.py:632} INFO - DAG(s) dict_keys(['python_dag']) retrieved from /opt/airflow/dags/python_dag.py
[2021-10-30 07:25:56,365] {logging_mixin.py:109} INFO - [2021-10-30 07:25:56,365] {dag.py:2389} INFO - Sync 1 DAGs
[2021-10-30 07:25:56,374] {logging_mixin.py:109} INFO - [2021-10-30 07:25:56,374] {dag.py:2914} INFO - Setting next_dagrun for python_dag to 2021-10-30T00:00:00+00:00
[2021-10-30 07:25:56,386] {processor.py:171} INFO - Processing /opt/airflow/dags/python_dag.py took 0.173 seconds
[2021-10-30 07:26:26,561] {processor.py:163} INFO - Started process (PID=472) to work on /opt/airflow/dags/python_dag.py
[2021-10-30 07:26:26,564] {processor.py:620} INFO - Processing file /opt/airflow/dags/python_dag.py for tasks to queue
[2021-10-30 07:26:26,565] {logging_mixin.py:109} INFO - [2021-10-30 07:26:26,565] {dagbag.py:500} INFO - Filling up the DagBag from /opt/airflow/dags/python_dag.py
[2021-10-30 07:26:26,588] {processor.py:632} INFO - DAG(s) dict_keys(['python_dag']) retrieved from /opt/airflow/dags/python_dag.py
[2021-10-30 07:26:26,665] {logging_mixin.py:109} INFO - [2021-10-30 07:26:26,665] {dag.py:2389} INFO - Sync 1 DAGs
[2021-10-30 07:26:26,671] {logging_mixin.py:109} INFO - [2021-10-30 07:26:26,671] {dag.py:2914} INFO - Setting next_dagrun for python_dag to 2021-10-30T00:00:00+00:00
[2021-10-30 07:26:26,679] {processor.py:171} INFO - Processing /opt/airflow/dags/python_dag.py took 0.121 seconds
[2021-10-30 07:26:56,865] {processor.py:163} INFO - Started process (PID=476) to work on /opt/airflow/dags/python_dag.py
[2021-10-30 07:26:56,867] {processor.py:620} INFO - Processing file /opt/airflow/dags/python_dag.py for tasks to queue
[2021-10-30 07:26:56,868] {logging_mixin.py:109} INFO - [2021-10-30 07:26:56,868] {dagbag.py:500} INFO - Filling up the DagBag from /opt/airflow/dags/python_dag.py
[2021-10-30 07:26:56,887] {processor.py:632} INFO - DAG(s) dict_keys(['python_dag']) retrieved from /opt/airflow/dags/python_dag.py
[2021-10-30 07:26:56,970] {logging_mixin.py:109} INFO - [2021-10-30 07:26:56,970] {dag.py:2389} INFO - Sync 1 DAGs
[2021-10-30 07:26:56,976] {logging_mixin.py:109} INFO - [2021-10-30 07:26:56,976] {dag.py:2914} INFO - Setting next_dagrun for python_dag to 2021-10-30T00:00:00+00:00
[2021-10-30 07:26:56,984] {processor.py:171} INFO - Processing /opt/airflow/dags/python_dag.py took 0.121 seconds
[2021-10-30 07:27:27,155] {processor.py:163} INFO - Started process (PID=480) to work on /opt/airflow/dags/python_dag.py
[2021-10-30 07:27:27,156] {processor.py:620} INFO - Processing file /opt/airflow/dags/python_dag.py for tasks to queue
[2021-10-30 07:27:27,157] {logging_mixin.py:109} INFO - [2021-10-30 07:27:27,157] {dagbag.py:500} INFO - Filling up the DagBag from /opt/airflow/dags/python_dag.py
[2021-10-30 07:27:27,177] {processor.py:632} INFO - DAG(s) dict_keys(['python_dag']) retrieved from /opt/airflow/dags/python_dag.py
[2021-10-30 07:27:27,269] {logging_mixin.py:109} INFO - [2021-10-30 07:27:27,269] {dag.py:2389} INFO - Sync 1 DAGs
[2021-10-30 07:27:27,286] {logging_mixin.py:109} INFO - [2021-10-30 07:27:27,286] {dag.py:2914} INFO - Setting next_dagrun for python_dag to 2021-10-30T00:00:00+00:00
