[2021-10-29 18:55:35,248] {taskinstance.py:1035} INFO - Dependencies all met for <TaskInstance: first_python_dag.print_the_context manual__2021-10-29T18:55:33.480299+00:00 [queued]>
[2021-10-29 18:55:35,252] {taskinstance.py:1035} INFO - Dependencies all met for <TaskInstance: first_python_dag.print_the_context manual__2021-10-29T18:55:33.480299+00:00 [queued]>
[2021-10-29 18:55:35,253] {taskinstance.py:1241} INFO - 
--------------------------------------------------------------------------------
[2021-10-29 18:55:35,253] {taskinstance.py:1242} INFO - Starting attempt 1 of 1
[2021-10-29 18:55:35,254] {taskinstance.py:1243} INFO - 
--------------------------------------------------------------------------------
[2021-10-29 18:55:35,259] {taskinstance.py:1262} INFO - Executing <Task(PythonOperator): print_the_context> on 2021-10-29 18:55:33.480299+00:00
[2021-10-29 18:55:35,262] {standard_task_runner.py:52} INFO - Started process 70 to run task
[2021-10-29 18:55:35,263] {standard_task_runner.py:76} INFO - Running: ['airflow', 'tasks', 'run', 'first_python_dag', 'print_the_context', 'manual__2021-10-29T18:55:33.480299+00:00', '--job-id', '3', '--raw', '--subdir', 'DAGS_FOLDER/first_python_dag.py', '--cfg-path', '/tmp/tmpkzxvydl_', '--error-file', '/tmp/tmp7u9n1vew']
[2021-10-29 18:55:35,265] {standard_task_runner.py:77} INFO - Job 3: Subtask print_the_context
[2021-10-29 18:55:35,280] {logging_mixin.py:109} INFO - Running <TaskInstance: first_python_dag.print_the_context manual__2021-10-29T18:55:33.480299+00:00 [running]> on host 49d47df7fb89
[2021-10-29 18:55:35,294] {taskinstance.py:1412} INFO - Exporting the following env vars:
AIRFLOW_CTX_DAG_OWNER=airflow
AIRFLOW_CTX_DAG_ID=first_python_dag
AIRFLOW_CTX_TASK_ID=print_the_context
AIRFLOW_CTX_EXECUTION_DATE=2021-10-29T18:55:33.480299+00:00
AIRFLOW_CTX_DAG_RUN_ID=manual__2021-10-29T18:55:33.480299+00:00
[2021-10-29 18:55:35,295] {python.py:152} INFO - Done. Returned value was: 1
[2021-10-29 18:55:35,300] {taskinstance.py:1270} INFO - Marking task as SUCCESS. dag_id=first_python_dag, task_id=print_the_context, execution_date=20211029T185533, start_date=20211029T185535, end_date=20211029T185535
[2021-10-29 18:55:35,316] {local_task_job.py:154} INFO - Task exited with return code 0
[2021-10-29 18:55:35,323] {local_task_job.py:264} INFO - 0 downstream tasks scheduled from follow-on schedule check
